<?xml version="1.0" encoding="UTF-8" ?>
<testsuite tests="4" failures="0" name="com.fdmgroup.stepdefinition.TestRunner" time="14.949" errors="4" skipped="0">
  <properties>
[...]
</properties>
  <testcase classname="Feature to test the main menu functionality of Best Buy website" name="Check Left Navigation Menu exists" time="14.845">
    <error message="Cannot invoke &quot;com.fdmgroup.pages.HomePage.displayMainMenu()&quot; because &quot;this.homePage&quot; is null" type="java.lang.NullPointerException">java.lang.NullPointerException: Cannot invoke &quot;com.fdmgroup.pages.HomePage.displayMainMenu()&quot; because &quot;this.homePage&quot; is null
	at com.fdmgroup.stepdefinition.MainMenuStepDef.left_navigation_menu_appears(MainMenuStepDef.java:35)
	at ✽.Left Navigation Menu appears(file:///C:/Users/Admin/eclipse-workspace/BestBuyWebsite/src/test/resources/Features/f1_MainMenu.feature:9)
</error>
  </testcase>
  <testcase classname="Feature to test the main menu functionality of Best Buy website" name="Check User can Navigate to Left Menu" time="0.051">
    <error message="Cannot invoke &quot;com.fdmgroup.pages.HomePage.displayMainMenu()&quot; because &quot;this.homePage&quot; is null" type="java.lang.NullPointerException">java.lang.NullPointerException: Cannot invoke &quot;com.fdmgroup.pages.HomePage.displayMainMenu()&quot; because &quot;this.homePage&quot; is null
	at com.fdmgroup.stepdefinition.MainMenuStepDef.left_navigation_menu_appears(MainMenuStepDef.java:35)
	at ✽.Left Navigation Menu appears(file:///C:/Users/Admin/eclipse-workspace/BestBuyWebsite/src/test/resources/Features/f1_MainMenu.feature:12)
</error>
  </testcase>
  <testcase classname="Feature to test the main menu functionality of Best Buy website" name="Check User can Navigate to Brand option" time="0.035">
    <error message="Cannot invoke &quot;com.fdmgroup.pages.HomePage.displayBrandInMainMenu()&quot; because &quot;this.homePage&quot; is null" type="java.lang.NullPointerException">java.lang.NullPointerException: Cannot invoke &quot;com.fdmgroup.pages.HomePage.displayBrandInMainMenu()&quot; because &quot;this.homePage&quot; is null
	at com.fdmgroup.stepdefinition.MainMenuStepDef.user_see_brands_option(MainMenuStepDef.java:57)
	at ✽.User see Brands option(file:///C:/Users/Admin/eclipse-workspace/BestBuyWebsite/src/test/resources/Features/f1_MainMenu.feature:18)
</error>
  </testcase>
  <testcase classname="Feature to test the main menu functionality of Best Buy website" name="Check User can Navigate to Brand PQRS" time="0.018">
    <error message="Cannot invoke &quot;com.fdmgroup.pages.HomePage.clickBrand()&quot; because &quot;this.homePage&quot; is null" type="java.lang.NullPointerException">java.lang.NullPointerException: Cannot invoke &quot;com.fdmgroup.pages.HomePage.clickBrand()&quot; because &quot;this.homePage&quot; is null
	at com.fdmgroup.stepdefinition.MainMenuStepDef.user_clicks_brands_option(MainMenuStepDef.java:72)
	at ✽.User clicks Brands option(file:///C:/Users/Admin/eclipse-workspace/BestBuyWebsite/src/test/resources/Features/f1_MainMenu.feature:23)
</error>
  </testcase>
</testsuite>